Arguments: 
  F:\ProgrammingApps\nodejs\node.exe C:\Users\Unknown\AppData\Roaming\npm\node_modules\yarn\bin\yarn.js add @/store

PATH: 
  F:\documents\projects\vue\diplom\node_modules\.bin;C:\Program Files\Common Files\Oracle\Java\javapath;C:\Program Files (x86)\Common Files\Oracle\Java\javapath;E:\dependenses\python\Scripts\;E:\dependenses\python\;C:\Windows\system32;C:\Windows;C:\Windows\System32\Wbem;C:\Windows\System32\WindowsPowerShell\v1.0\;C:\Program Files\NVIDIA Corporation\NVIDIA NvDLISR;C:\Program Files (x86)\NVIDIA Corporation\PhysX\Common;C:\Program Files\dotnet\;C:\Program Files\dotnet;F:\ProgrammingApps\DB\Mysql\mysql-8\bin;F:\ProgrammingApps\nodejs\;C:\Program Files\Git\cmd;E:\dependenses\maven\apache-maven-3.6.3\bin;C:\Program Files\Microsoft SQL Server\Client SDK\ODBC\170\Tools\Binn\;C:\Program Files (x86)\Microsoft SQL Server\150\Tools\Binn\;C:\Program Files\Microsoft SQL Server\150\Tools\Binn\;C:\Program Files\Microsoft SQL Server\150\DTS\Binn\;C:\Program Files\Microsoft SQL Server\130\Tools\Binn\;C:\Program Files (x86)\Microsoft SQL Server\150\DTS\Binn\;C:\Program Files\Azure Data Studio\bin;C:\Program Files\WireGuard\;E:\ngrok\;C:\Users\Unknown\AppData\Local\Microsoft\WindowsApps;F:\ProgrammingApps\Microsoft VS Code\bin;F:\ProgrammingApps\IntelliJ IDEA 2020.1\bin;;C:\Users\Unknown\.dotnet\tools;C:\Users\Unknown\AppData\Roaming\npm;F:\ProgrammingApps\webstorm\WebStorm 2020.1\bin;;C:\Users\Unknown\AppData\Local\GitHubDesktop\bin;F:\ProgrammingApps\PyCharm 2020.2.3\bin;;C:\Users\Unknown\AppData\Local\Pandoc\;C:\Program Files\Azure Data Studio\bin

Yarn version: 
  1.22.10

Node version: 
  14.15.0

Platform: 
  win32 x64

Trace: 
  Error: https://registry.yarnpkg.com/@%2fstore: Not found
      at Request.params.callback [as _callback] (C:\Users\Unknown\AppData\Roaming\npm\node_modules\yarn\lib\cli.js:66988:18)
      at Request.self.callback (C:\Users\Unknown\AppData\Roaming\npm\node_modules\yarn\lib\cli.js:140662:22)
      at Request.emit (events.js:315:20)
      at Request.<anonymous> (C:\Users\Unknown\AppData\Roaming\npm\node_modules\yarn\lib\cli.js:141634:10)
      at Request.emit (events.js:315:20)
      at IncomingMessage.<anonymous> (C:\Users\Unknown\AppData\Roaming\npm\node_modules\yarn\lib\cli.js:141556:12)
      at Object.onceWrapper (events.js:421:28)
      at IncomingMessage.emit (events.js:327:22)
      at endReadableNT (_stream_readable.js:1327:12)
      at processTicksAndRejections (internal/process/task_queues.js:80:21)

npm manifest: 
  {
    "dependencies": {
      "cookie": "^0.4.1",
      "js-cookie": "^2.2.1",
      "lodash": "^4.17.21",
      "vuex-composition-helpers": "^1.0.23",
      "vuex-persistedstate": "^4.0.0-beta.3"
    }
  }

yarn manifest: 
  No manifest

Lockfile: 
  # THIS IS AN AUTOGENERATED FILE. DO NOT EDIT THIS FILE DIRECTLY.
  # yarn lockfile v1
  
  
  cookie@^0.4.1:
    version "0.4.1"
    resolved "https://registry.yarnpkg.com/cookie/-/cookie-0.4.1.tgz#afd713fe26ebd21ba95ceb61f9a8116e50a537d1"
    integrity sha512-ZwrFkGJxUR3EIoXtO+yVE69Eb7KlixbaeAWfBQB9vVsNn/o+Yw69gBWSSDK825hQNdN+wF8zELf3dFNl/kxkUA==
  
  deepmerge@^4.2.2:
    version "4.2.2"
    resolved "https://registry.yarnpkg.com/deepmerge/-/deepmerge-4.2.2.tgz#44d2ea3679b8f4d4ffba33f03d865fc1e7bf4955"
    integrity sha512-FJ3UgI4gIl+PHZm53knsuSFpE+nESMr7M4v9QcgB7S63Kj/6WqMiFQJpBBYz1Pt+66bZpP3Q7Lye0Oo9MPKEdg==
  
  js-cookie@^2.2.1:
    version "2.2.1"
    resolved "https://registry.yarnpkg.com/js-cookie/-/js-cookie-2.2.1.tgz#69e106dc5d5806894562902aa5baec3744e9b2b8"
    integrity sha512-HvdH2LzI/EAZcUwA8+0nKNtWHqS+ZmijLA30RwZA0bo7ToCckjK5MkGhjED9KoRcXO6BaGI3I9UIzSA1FKFPOQ==
  
  lodash@^4.17.21:
    version "4.17.21"
    resolved "https://registry.yarnpkg.com/lodash/-/lodash-4.17.21.tgz#679591c564c3bffaae8454cf0b3df370c3d6911c"
    integrity sha512-v2kDEe57lecTulaDIuNTPy3Ry4gLGJ6Z1O3vE1krgXZNrsQ+LFTGHVxVjcXPs17LhbZVGedAJv8XZ1tvj5FvSg==
  
  shvl@^2.0.2:
    version "2.0.3"
    resolved "https://registry.yarnpkg.com/shvl/-/shvl-2.0.3.tgz#eb4bd37644f5684bba1fc52c3010c96fb5e6afd1"
    integrity sha512-V7C6S9Hlol6SzOJPnQ7qzOVEWUQImt3BNmmzh40wObhla3XOYMe4gGiYzLrJd5TFa+cI2f9LKIRJTTKZSTbWgw==
  
  vuex-composition-helpers@^1.0.23:
    version "1.0.23"
    resolved "https://registry.yarnpkg.com/vuex-composition-helpers/-/vuex-composition-helpers-1.0.23.tgz#8e1df37f8175e59cc3474bf1e77d62b6490a724a"
    integrity sha512-TZZ46Jj9Shq5mOgrQVn59fmVI1bOqEaidQjbw8qkmLRxjyJdQ6j9MxYg0Xo5QgS3dEdKNFJLHRgtCpkf57Gnjw==
  
  vuex-persistedstate@^4.0.0-beta.3:
    version "4.0.0-beta.3"
    resolved "https://registry.yarnpkg.com/vuex-persistedstate/-/vuex-persistedstate-4.0.0-beta.3.tgz#89dd712de72d28e85cc95467d066002c1405f277"
    integrity sha512-T4IRD27qoUWh+8qr6T6zVp15xO7x/nPgnU13OD0C2uUwA7U9PhGozrj6lvVmMYDyRgc36J0msMXn3GvwHjkIhA==
    dependencies:
      deepmerge "^4.2.2"
      shvl "^2.0.2"
